<?xml version="1.0" encoding="UTF-8"?>
<testsuite xmlns:xsi="http://www.w3.org/2001/XMLSchema-instance" xsi:noNamespaceSchemaLocation="https://maven.apache.org/surefire/maven-surefire-plugin/xsd/surefire-test-report.xsd" name="com.example.AppTest" time="0.116" tests="1" errors="0" skipped="0" failures="0">
  <properties>
    <property name="java.specification.version" value="21"/>
    <property name="sun.cpu.isalist" value="amd64"/>
    <property name="sun.jnu.encoding" value="Cp1253"/>
    <property name="java.class.path" value="C:\Users\mosgi\Desktop\ΔΕΤ\ΔΕΤ 3ο\Προγραμματισμός 2\Tests\optaplanner test2_Odysseas\demo\target\test-classes;C:\Users\mosgi\Desktop\ΔΕΤ\ΔΕΤ 3ο\Προγραμματισμός 2\Tests\optaplanner test2_Odysseas\demo\target\classes;C:\Users\mosgi\.m2\repository\org\optaplanner\optaplanner-core\9.44.0.Final\optaplanner-core-9.44.0.Final.jar;C:\Users\mosgi\.m2\repository\org\optaplanner\optaplanner-core-impl\9.44.0.Final\optaplanner-core-impl-9.44.0.Final.jar;C:\Users\mosgi\.m2\repository\org\apache\commons\commons-math3\3.6.1\commons-math3-3.6.1.jar;C:\Users\mosgi\.m2\repository\io\micrometer\micrometer-core\1.10.5\micrometer-core-1.10.5.jar;C:\Users\mosgi\.m2\repository\io\micrometer\micrometer-commons\1.10.5\micrometer-commons-1.10.5.jar;C:\Users\mosgi\.m2\repository\io\micrometer\micrometer-observation\1.10.5\micrometer-observation-1.10.5.jar;C:\Users\mosgi\.m2\repository\org\hdrhistogram\HdrHistogram\2.1.12\HdrHistogram-2.1.12.jar;C:\Users\mosgi\.m2\repository\org\latencyutils\LatencyUtils\2.0.3\LatencyUtils-2.0.3.jar;C:\Users\mosgi\.m2\repository\jakarta\xml\bind\jakarta.xml.bind-api\4.0.0\jakarta.xml.bind-api-4.0.0.jar;C:\Users\mosgi\.m2\repository\jakarta\activation\jakarta.activation-api\2.1.0\jakarta.activation-api-2.1.0.jar;C:\Users\mosgi\.m2\repository\org\glassfish\jaxb\jaxb-runtime\4.0.2\jaxb-runtime-4.0.2.jar;C:\Users\mosgi\.m2\repository\org\glassfish\jaxb\jaxb-core\4.0.2\jaxb-core-4.0.2.jar;C:\Users\mosgi\.m2\repository\org\eclipse\angus\angus-activation\2.0.0\angus-activation-2.0.0.jar;C:\Users\mosgi\.m2\repository\org\glassfish\jaxb\txw2\4.0.2\txw2-4.0.2.jar;C:\Users\mosgi\.m2\repository\com\sun\istack\istack-commons-runtime\4.1.1\istack-commons-runtime-4.1.1.jar;C:\Users\mosgi\.m2\repository\org\optaplanner\optaplanner-constraint-streams-drools\9.44.0.Final\optaplanner-constraint-streams-drools-9.44.0.Final.jar;C:\Users\mosgi\.m2\repository\org\optaplanner\optaplanner-constraint-streams-common\9.44.0.Final\optaplanner-constraint-streams-common-9.44.0.Final.jar;C:\Users\mosgi\.m2\repository\org\drools\drools-engine\8.44.0.Final\drools-engine-8.44.0.Final.jar;C:\Users\mosgi\.m2\repository\org\kie\kie-api\8.44.0.Final\kie-api-8.44.0.Final.jar;C:\Users\mosgi\.m2\repository\org\kie\kie-internal\8.44.0.Final\kie-internal-8.44.0.Final.jar;C:\Users\mosgi\.m2\repository\org\drools\drools-core\8.44.0.Final\drools-core-8.44.0.Final.jar;C:\Users\mosgi\.m2\repository\org\kie\kie-util-xml\8.44.0.Final\kie-util-xml-8.44.0.Final.jar;C:\Users\mosgi\.m2\repository\org\drools\drools-wiring-api\8.44.0.Final\drools-wiring-api-8.44.0.Final.jar;C:\Users\mosgi\.m2\repository\org\drools\drools-base\8.44.0.Final\drools-base-8.44.0.Final.jar;C:\Users\mosgi\.m2\repository\org\drools\drools-wiring-static\8.44.0.Final\drools-wiring-static-8.44.0.Final.jar;C:\Users\mosgi\.m2\repository\org\drools\drools-io\8.44.0.Final\drools-io-8.44.0.Final.jar;C:\Users\mosgi\.m2\repository\org\drools\drools-wiring-dynamic\8.44.0.Final\drools-wiring-dynamic-8.44.0.Final.jar;C:\Users\mosgi\.m2\repository\org\drools\drools-kiesession\8.44.0.Final\drools-kiesession-8.44.0.Final.jar;C:\Users\mosgi\.m2\repository\org\drools\drools-tms\8.44.0.Final\drools-tms-8.44.0.Final.jar;C:\Users\mosgi\.m2\repository\org\drools\drools-compiler\8.44.0.Final\drools-compiler-8.44.0.Final.jar;C:\Users\mosgi\.m2\repository\org\drools\drools-drl-parser\8.44.0.Final\drools-drl-parser-8.44.0.Final.jar;C:\Users\mosgi\.m2\repository\org\drools\drools-drl-extensions\8.44.0.Final\drools-drl-extensions-8.44.0.Final.jar;C:\Users\mosgi\.m2\repository\org\drools\drools-drl-ast\8.44.0.Final\drools-drl-ast-8.44.0.Final.jar;C:\Users\mosgi\.m2\repository\org\kie\kie-memory-compiler\8.44.0.Final\kie-memory-compiler-8.44.0.Final.jar;C:\Users\mosgi\.m2\repository\org\drools\drools-ecj\8.44.0.Final\drools-ecj-8.44.0.Final.jar;C:\Users\mosgi\.m2\repository\org\eclipse\jdt\ecj\3.33.0\ecj-3.33.0.jar;C:\Users\mosgi\.m2\repository\org\kie\kie-util-maven-support\8.44.0.Final\kie-util-maven-support-8.44.0.Final.jar;C:\Users\mosgi\.m2\repository\org\antlr\antlr-runtime\3.5.2\antlr-runtime-3.5.2.jar;C:\Users\mosgi\.m2\repository\org\drools\drools-model-compiler\8.44.0.Final\drools-model-compiler-8.44.0.Final.jar;C:\Users\mosgi\.m2\repository\org\drools\drools-canonical-model\8.44.0.Final\drools-canonical-model-8.44.0.Final.jar;C:\Users\mosgi\.m2\repository\org\drools\drools-model-codegen\8.44.0.Final\drools-model-codegen-8.44.0.Final.jar;C:\Users\mosgi\.m2\repository\org\drools\drools-util\8.44.0.Final\drools-util-8.44.0.Final.jar;C:\Users\mosgi\.m2\repository\org\drools\drools-codegen-common\8.44.0.Final\drools-codegen-common-8.44.0.Final.jar;C:\Users\mosgi\.m2\repository\com\github\javaparser\javaparser-core\3.24.2\javaparser-core-3.24.2.jar;C:\Users\mosgi\.m2\repository\org\drools\drools-mvel-parser\8.44.0.Final\drools-mvel-parser-8.44.0.Final.jar;C:\Users\mosgi\.m2\repository\org\drools\drools-mvel-compiler\8.44.0.Final\drools-mvel-compiler-8.44.0.Final.jar;C:\Users\mosgi\.m2\repository\org\drools\drools-commands\8.44.0.Final\drools-commands-8.44.0.Final.jar;C:\Users\mosgi\.m2\repository\org\drools\drools-alphanetwork-compiler\8.44.0.Final\drools-alphanetwork-compiler-8.44.0.Final.jar;C:\Users\mosgi\.m2\repository\org\optaplanner\optaplanner-constraint-drl\9.44.0.Final\optaplanner-constraint-drl-9.44.0.Final.jar;C:\Users\mosgi\.m2\repository\org\optaplanner\optaplanner-constraint-streams-bavet\9.44.0.Final\optaplanner-constraint-streams-bavet-9.44.0.Final.jar;C:\Users\mosgi\.m2\repository\ch\qos\logback\logback-classic\1.2.3\logback-classic-1.2.3.jar;C:\Users\mosgi\.m2\repository\ch\qos\logback\logback-core\1.2.3\logback-core-1.2.3.jar;C:\Users\mosgi\.m2\repository\org\slf4j\slf4j-api\1.7.25\slf4j-api-1.7.25.jar;C:\Users\mosgi\.m2\repository\org\apache\httpcomponents\httpclient\4.5.14\httpclient-4.5.14.jar;C:\Users\mosgi\.m2\repository\org\apache\httpcomponents\httpcore\4.4.16\httpcore-4.4.16.jar;C:\Users\mosgi\.m2\repository\commons-logging\commons-logging\1.2\commons-logging-1.2.jar;C:\Users\mosgi\.m2\repository\commons-codec\commons-codec\1.11\commons-codec-1.11.jar;C:\Users\mosgi\.m2\repository\com\google\code\gson\gson\2.8.9\gson-2.8.9.jar;C:\Users\mosgi\.m2\repository\junit\junit\4.11\junit-4.11.jar;C:\Users\mosgi\.m2\repository\org\hamcrest\hamcrest-core\1.3\hamcrest-core-1.3.jar;"/>
    <property name="java.vm.vendor" value="Oracle Corporation"/>
    <property name="sun.arch.data.model" value="64"/>
    <property name="user.variant" value=""/>
    <property name="java.vendor.url" value="https://java.oracle.com/"/>
    <property name="user.timezone" value="Europe/Athens"/>
    <property name="os.name" value="Windows 11"/>
    <property name="java.vm.specification.version" value="21"/>
    <property name="sun.java.launcher" value="SUN_STANDARD"/>
    <property name="user.country" value="GR"/>
    <property name="sun.boot.library.path" value="C:\Users\mosgi\Downloads\jdk-21_windows-x64_bin\jdk-21.0.2\bin"/>
    <property name="sun.java.command" value="C:\Users\mosgi\AppData\Local\Temp\surefire150985807684004166\surefirebooter15521911508347467225.jar C:\Users\mosgi\AppData\Local\Temp\surefire150985807684004166 2024-12-02T19-01-44_409-jvmRun1 surefire3735504071207319898tmp surefire_01563421238966958735tmp"/>
    <property name="jdk.debug" value="release"/>
    <property name="surefire.test.class.path" value="C:\Users\mosgi\Desktop\ΔΕΤ\ΔΕΤ 3ο\Προγραμματισμός 2\Tests\optaplanner test2_Odysseas\demo\target\test-classes;C:\Users\mosgi\Desktop\ΔΕΤ\ΔΕΤ 3ο\Προγραμματισμός 2\Tests\optaplanner test2_Odysseas\demo\target\classes;C:\Users\mosgi\.m2\repository\org\optaplanner\optaplanner-core\9.44.0.Final\optaplanner-core-9.44.0.Final.jar;C:\Users\mosgi\.m2\repository\org\optaplanner\optaplanner-core-impl\9.44.0.Final\optaplanner-core-impl-9.44.0.Final.jar;C:\Users\mosgi\.m2\repository\org\apache\commons\commons-math3\3.6.1\commons-math3-3.6.1.jar;C:\Users\mosgi\.m2\repository\io\micrometer\micrometer-core\1.10.5\micrometer-core-1.10.5.jar;C:\Users\mosgi\.m2\repository\io\micrometer\micrometer-commons\1.10.5\micrometer-commons-1.10.5.jar;C:\Users\mosgi\.m2\repository\io\micrometer\micrometer-observation\1.10.5\micrometer-observation-1.10.5.jar;C:\Users\mosgi\.m2\repository\org\hdrhistogram\HdrHistogram\2.1.12\HdrHistogram-2.1.12.jar;C:\Users\mosgi\.m2\repository\org\latencyutils\LatencyUtils\2.0.3\LatencyUtils-2.0.3.jar;C:\Users\mosgi\.m2\repository\jakarta\xml\bind\jakarta.xml.bind-api\4.0.0\jakarta.xml.bind-api-4.0.0.jar;C:\Users\mosgi\.m2\repository\jakarta\activation\jakarta.activation-api\2.1.0\jakarta.activation-api-2.1.0.jar;C:\Users\mosgi\.m2\repository\org\glassfish\jaxb\jaxb-runtime\4.0.2\jaxb-runtime-4.0.2.jar;C:\Users\mosgi\.m2\repository\org\glassfish\jaxb\jaxb-core\4.0.2\jaxb-core-4.0.2.jar;C:\Users\mosgi\.m2\repository\org\eclipse\angus\angus-activation\2.0.0\angus-activation-2.0.0.jar;C:\Users\mosgi\.m2\repository\org\glassfish\jaxb\txw2\4.0.2\txw2-4.0.2.jar;C:\Users\mosgi\.m2\repository\com\sun\istack\istack-commons-runtime\4.1.1\istack-commons-runtime-4.1.1.jar;C:\Users\mosgi\.m2\repository\org\optaplanner\optaplanner-constraint-streams-drools\9.44.0.Final\optaplanner-constraint-streams-drools-9.44.0.Final.jar;C:\Users\mosgi\.m2\repository\org\optaplanner\optaplanner-constraint-streams-common\9.44.0.Final\optaplanner-constraint-streams-common-9.44.0.Final.jar;C:\Users\mosgi\.m2\repository\org\drools\drools-engine\8.44.0.Final\drools-engine-8.44.0.Final.jar;C:\Users\mosgi\.m2\repository\org\kie\kie-api\8.44.0.Final\kie-api-8.44.0.Final.jar;C:\Users\mosgi\.m2\repository\org\kie\kie-internal\8.44.0.Final\kie-internal-8.44.0.Final.jar;C:\Users\mosgi\.m2\repository\org\drools\drools-core\8.44.0.Final\drools-core-8.44.0.Final.jar;C:\Users\mosgi\.m2\repository\org\kie\kie-util-xml\8.44.0.Final\kie-util-xml-8.44.0.Final.jar;C:\Users\mosgi\.m2\repository\org\drools\drools-wiring-api\8.44.0.Final\drools-wiring-api-8.44.0.Final.jar;C:\Users\mosgi\.m2\repository\org\drools\drools-base\8.44.0.Final\drools-base-8.44.0.Final.jar;C:\Users\mosgi\.m2\repository\org\drools\drools-wiring-static\8.44.0.Final\drools-wiring-static-8.44.0.Final.jar;C:\Users\mosgi\.m2\repository\org\drools\drools-io\8.44.0.Final\drools-io-8.44.0.Final.jar;C:\Users\mosgi\.m2\repository\org\drools\drools-wiring-dynamic\8.44.0.Final\drools-wiring-dynamic-8.44.0.Final.jar;C:\Users\mosgi\.m2\repository\org\drools\drools-kiesession\8.44.0.Final\drools-kiesession-8.44.0.Final.jar;C:\Users\mosgi\.m2\repository\org\drools\drools-tms\8.44.0.Final\drools-tms-8.44.0.Final.jar;C:\Users\mosgi\.m2\repository\org\drools\drools-compiler\8.44.0.Final\drools-compiler-8.44.0.Final.jar;C:\Users\mosgi\.m2\repository\org\drools\drools-drl-parser\8.44.0.Final\drools-drl-parser-8.44.0.Final.jar;C:\Users\mosgi\.m2\repository\org\drools\drools-drl-extensions\8.44.0.Final\drools-drl-extensions-8.44.0.Final.jar;C:\Users\mosgi\.m2\repository\org\drools\drools-drl-ast\8.44.0.Final\drools-drl-ast-8.44.0.Final.jar;C:\Users\mosgi\.m2\repository\org\kie\kie-memory-compiler\8.44.0.Final\kie-memory-compiler-8.44.0.Final.jar;C:\Users\mosgi\.m2\repository\org\drools\drools-ecj\8.44.0.Final\drools-ecj-8.44.0.Final.jar;C:\Users\mosgi\.m2\repository\org\eclipse\jdt\ecj\3.33.0\ecj-3.33.0.jar;C:\Users\mosgi\.m2\repository\org\kie\kie-util-maven-support\8.44.0.Final\kie-util-maven-support-8.44.0.Final.jar;C:\Users\mosgi\.m2\repository\org\antlr\antlr-runtime\3.5.2\antlr-runtime-3.5.2.jar;C:\Users\mosgi\.m2\repository\org\drools\drools-model-compiler\8.44.0.Final\drools-model-compiler-8.44.0.Final.jar;C:\Users\mosgi\.m2\repository\org\drools\drools-canonical-model\8.44.0.Final\drools-canonical-model-8.44.0.Final.jar;C:\Users\mosgi\.m2\repository\org\drools\drools-model-codegen\8.44.0.Final\drools-model-codegen-8.44.0.Final.jar;C:\Users\mosgi\.m2\repository\org\drools\drools-util\8.44.0.Final\drools-util-8.44.0.Final.jar;C:\Users\mosgi\.m2\repository\org\drools\drools-codegen-common\8.44.0.Final\drools-codegen-common-8.44.0.Final.jar;C:\Users\mosgi\.m2\repository\com\github\javaparser\javaparser-core\3.24.2\javaparser-core-3.24.2.jar;C:\Users\mosgi\.m2\repository\org\drools\drools-mvel-parser\8.44.0.Final\drools-mvel-parser-8.44.0.Final.jar;C:\Users\mosgi\.m2\repository\org\drools\drools-mvel-compiler\8.44.0.Final\drools-mvel-compiler-8.44.0.Final.jar;C:\Users\mosgi\.m2\repository\org\drools\drools-commands\8.44.0.Final\drools-commands-8.44.0.Final.jar;C:\Users\mosgi\.m2\repository\org\drools\drools-alphanetwork-compiler\8.44.0.Final\drools-alphanetwork-compiler-8.44.0.Final.jar;C:\Users\mosgi\.m2\repository\org\optaplanner\optaplanner-constraint-drl\9.44.0.Final\optaplanner-constraint-drl-9.44.0.Final.jar;C:\Users\mosgi\.m2\repository\org\optaplanner\optaplanner-constraint-streams-bavet\9.44.0.Final\optaplanner-constraint-streams-bavet-9.44.0.Final.jar;C:\Users\mosgi\.m2\repository\ch\qos\logback\logback-classic\1.2.3\logback-classic-1.2.3.jar;C:\Users\mosgi\.m2\repository\ch\qos\logback\logback-core\1.2.3\logback-core-1.2.3.jar;C:\Users\mosgi\.m2\repository\org\slf4j\slf4j-api\1.7.25\slf4j-api-1.7.25.jar;C:\Users\mosgi\.m2\repository\org\apache\httpcomponents\httpclient\4.5.14\httpclient-4.5.14.jar;C:\Users\mosgi\.m2\repository\org\apache\httpcomponents\httpcore\4.4.16\httpcore-4.4.16.jar;C:\Users\mosgi\.m2\repository\commons-logging\commons-logging\1.2\commons-logging-1.2.jar;C:\Users\mosgi\.m2\repository\commons-codec\commons-codec\1.11\commons-codec-1.11.jar;C:\Users\mosgi\.m2\repository\com\google\code\gson\gson\2.8.9\gson-2.8.9.jar;C:\Users\mosgi\.m2\repository\junit\junit\4.11\junit-4.11.jar;C:\Users\mosgi\.m2\repository\org\hamcrest\hamcrest-core\1.3\hamcrest-core-1.3.jar;"/>
    <property name="sun.cpu.endian" value="little"/>
    <property name="user.home" value="C:\Users\mosgi"/>
    <property name="user.language" value="el"/>
    <property name="java.specification.vendor" value="Oracle Corporation"/>
    <property name="java.version.date" value="2024-01-16"/>
    <property name="java.home" value="C:\Users\mosgi\Downloads\jdk-21_windows-x64_bin\jdk-21.0.2"/>
    <property name="file.separator" value="\"/>
    <property name="basedir" value="C:\Users\mosgi\Desktop\ΔΕΤ\ΔΕΤ 3ο\Προγραμματισμός 2\Tests\optaplanner test2_Odysseas\demo"/>
    <property name="java.vm.compressedOopsMode" value="32-bit"/>
    <property name="line.separator" value="&#10;"/>
    <property name="java.vm.specification.vendor" value="Oracle Corporation"/>
    <property name="java.specification.name" value="Java Platform API Specification"/>
    <property name="surefire.real.class.path" value="C:\Users\mosgi\AppData\Local\Temp\surefire150985807684004166\surefirebooter15521911508347467225.jar"/>
    <property name="user.script" value=""/>
    <property name="sun.management.compiler" value="HotSpot 64-Bit Tiered Compilers"/>
    <property name="java.runtime.version" value="21.0.2+13-LTS-58"/>
    <property name="user.name" value="mosgi"/>
    <property name="stdout.encoding" value="Cp1253"/>
    <property name="path.separator" value=";"/>
    <property name="os.version" value="10.0"/>
    <property name="java.runtime.name" value="Java(TM) SE Runtime Environment"/>
    <property name="file.encoding" value="UTF-8"/>
    <property name="java.vm.name" value="Java HotSpot(TM) 64-Bit Server VM"/>
    <property name="localRepository" value="C:\Users\mosgi\.m2\repository"/>
    <property name="java.vendor.url.bug" value="https://bugreport.java.com/bugreport/"/>
    <property name="java.io.tmpdir" value="C:\Users\mosgi\AppData\Local\Temp\"/>
    <property name="java.version" value="21.0.2"/>
    <property name="user.dir" value="C:\Users\mosgi\Desktop\ΔΕΤ\ΔΕΤ 3ο\Προγραμματισμός 2\Tests\optaplanner test2_Odysseas\demo"/>
    <property name="os.arch" value="amd64"/>
    <property name="java.vm.specification.name" value="Java Virtual Machine Specification"/>
    <property name="sun.os.patch.level" value=""/>
    <property name="native.encoding" value="Cp1253"/>
    <property name="java.library.path" value="C:\Users\mosgi\Downloads\jdk-21_windows-x64_bin\jdk-21.0.2\bin;C:\WINDOWS\Sun\Java\bin;C:\WINDOWS\system32;C:\WINDOWS;C:\Python312\Scripts\;C:\Python312\;C:\Program Files\Common Files\Oracle\Java\javapath;C:\WINDOWS\system32;C:\WINDOWS;C:\WINDOWS\System32\Wbem;C:\WINDOWS\System32\WindowsPowerShell\v1.0\;C:\WINDOWS\System32\OpenSSH\;C:\Program Files\PuTTY\;C:\Program Files\HP\HP One Agent;C:\Program Files\nodejs\;C:\ProgramData\chocolatey\bin;C:\Program Files (x86)\QuickTime\QTSystem\;C:\Program Files (x86)\Microsoft SQL Server\160\Tools\Binn\;C:\Program Files\Microsoft SQL Server\160\Tools\Binn\;C:\Program Files\Microsoft SQL Server\Client SDK\ODBC\170\Tools\Binn\;C:\Program Files\Microsoft SQL Server\160\DTS\Binn\;C:\Program Files (x86)\Microsoft SQL Server\160\DTS\Binn\;C:\Users\mosgi\MavenBin\apache-maven-3.9.9\bin\;C:\Users\mosgi\Downloads\apache-maven-3.9.9-bin\apache-maven-3.9.9;C:\Users\mosgi\Downloads\apache-maven-3.9.9-bin;C:\Users\mosgi\Downloads\apache-maven-3.9.9-bin\apache-maven-3.9.9\bin;C:\Users\mosgi\Downloads\apache-maven-3.9.9-bin\apache-maven-3.9.9;$JAVA_HOME%\bin;C:\Users\mosgi\Downloads\jdk-21_windows-x64_bin\jdk-21.0.2\bin;C:\Users\mosgi\anaconda3;C:\Users\mosgi\anaconda3\Library\mingw-w64\bin;C:\Users\mosgi\anaconda3\Library\usr\bin;C:\Users\mosgi\anaconda3\Library\bin;C:\Users\mosgi\anaconda3\Scripts;C:\Users\mosgi\AppData\Local\Programs\Python\Python38-32\Scripts\;C:\Users\mosgi\AppData\Local\Programs\Python\Python38-32\;C:\Users\mosgi\AppData\Local\Microsoft\WindowsApps;C:\Users\mosgi\AppData\Roaming\npm;C:\Users\mosgi\AppData\Local\Programs\Microsoft VS Code\bin;C:\Users\mosgi\MavenBin\apache-maven-3.9.9;;."/>
    <property name="java.vm.info" value="mixed mode, sharing"/>
    <property name="stderr.encoding" value="Cp1253"/>
    <property name="java.vendor" value="Oracle Corporation"/>
    <property name="java.vm.version" value="21.0.2+13-LTS-58"/>
    <property name="sun.io.unicode.encoding" value="UnicodeLittle"/>
    <property name="java.class.version" value="65.0"/>
  </properties>
  <testcase name="shouldAnswerWithTrue" classname="com.example.AppTest" time="0.009"/>
</testsuite>