<?xml version="1.0" encoding="UTF-8"?>
<testsuite xmlns:xsi="http://www.w3.org/2001/XMLSchema-instance" xsi:noNamespaceSchemaLocation="https://maven.apache.org/surefire/maven-surefire-plugin/xsd/surefire-test-report-3.0.xsd" version="3.0" name="com.athensease.optimization.TrailHeadInclusionTest" time="0.015" tests="3" errors="0" skipped="0" failures="0">
  <properties>
    <property name="java.specification.version" value="21"/>
    <property name="sun.cpu.isalist" value="amd64"/>
    <property name="sun.jnu.encoding" value="Cp1253"/>
    <property name="java.class.path" value="C:\Users\User\Desktop\Reference Material\All About University\Java Exercises Programming II\Java Files\GitHubTest\Final2\AthensEase\target\test-classes;C:\Users\User\Desktop\Reference Material\All About University\Java Exercises Programming II\Java Files\GitHubTest\Final2\AthensEase\target\classes;C:\Users\User\.m2\repository\org\optaplanner\optaplanner-core\9.44.0.Final\optaplanner-core-9.44.0.Final.jar;C:\Users\User\.m2\repository\org\optaplanner\optaplanner-core-impl\9.44.0.Final\optaplanner-core-impl-9.44.0.Final.jar;C:\Users\User\.m2\repository\org\apache\commons\commons-math3\3.6.1\commons-math3-3.6.1.jar;C:\Users\User\.m2\repository\io\micrometer\micrometer-core\1.10.5\micrometer-core-1.10.5.jar;C:\Users\User\.m2\repository\io\micrometer\micrometer-commons\1.10.5\micrometer-commons-1.10.5.jar;C:\Users\User\.m2\repository\io\micrometer\micrometer-observation\1.10.5\micrometer-observation-1.10.5.jar;C:\Users\User\.m2\repository\org\hdrhistogram\HdrHistogram\2.1.12\HdrHistogram-2.1.12.jar;C:\Users\User\.m2\repository\org\latencyutils\LatencyUtils\2.0.3\LatencyUtils-2.0.3.jar;C:\Users\User\.m2\repository\jakarta\xml\bind\jakarta.xml.bind-api\4.0.0\jakarta.xml.bind-api-4.0.0.jar;C:\Users\User\.m2\repository\jakarta\activation\jakarta.activation-api\2.1.0\jakarta.activation-api-2.1.0.jar;C:\Users\User\.m2\repository\org\glassfish\jaxb\jaxb-runtime\4.0.2\jaxb-runtime-4.0.2.jar;C:\Users\User\.m2\repository\org\glassfish\jaxb\jaxb-core\4.0.2\jaxb-core-4.0.2.jar;C:\Users\User\.m2\repository\org\eclipse\angus\angus-activation\2.0.0\angus-activation-2.0.0.jar;C:\Users\User\.m2\repository\org\glassfish\jaxb\txw2\4.0.2\txw2-4.0.2.jar;C:\Users\User\.m2\repository\com\sun\istack\istack-commons-runtime\4.1.1\istack-commons-runtime-4.1.1.jar;C:\Users\User\.m2\repository\org\optaplanner\optaplanner-constraint-streams-drools\9.44.0.Final\optaplanner-constraint-streams-drools-9.44.0.Final.jar;C:\Users\User\.m2\repository\org\optaplanner\optaplanner-constraint-streams-common\9.44.0.Final\optaplanner-constraint-streams-common-9.44.0.Final.jar;C:\Users\User\.m2\repository\org\drools\drools-engine\8.44.0.Final\drools-engine-8.44.0.Final.jar;C:\Users\User\.m2\repository\org\kie\kie-api\8.44.0.Final\kie-api-8.44.0.Final.jar;C:\Users\User\.m2\repository\org\kie\kie-internal\8.44.0.Final\kie-internal-8.44.0.Final.jar;C:\Users\User\.m2\repository\org\drools\drools-core\8.44.0.Final\drools-core-8.44.0.Final.jar;C:\Users\User\.m2\repository\org\kie\kie-util-xml\8.44.0.Final\kie-util-xml-8.44.0.Final.jar;C:\Users\User\.m2\repository\org\drools\drools-wiring-api\8.44.0.Final\drools-wiring-api-8.44.0.Final.jar;C:\Users\User\.m2\repository\org\drools\drools-base\8.44.0.Final\drools-base-8.44.0.Final.jar;C:\Users\User\.m2\repository\org\drools\drools-wiring-static\8.44.0.Final\drools-wiring-static-8.44.0.Final.jar;C:\Users\User\.m2\repository\org\drools\drools-io\8.44.0.Final\drools-io-8.44.0.Final.jar;C:\Users\User\.m2\repository\commons-codec\commons-codec\1.15\commons-codec-1.15.jar;C:\Users\User\.m2\repository\org\drools\drools-wiring-dynamic\8.44.0.Final\drools-wiring-dynamic-8.44.0.Final.jar;C:\Users\User\.m2\repository\org\drools\drools-kiesession\8.44.0.Final\drools-kiesession-8.44.0.Final.jar;C:\Users\User\.m2\repository\org\drools\drools-tms\8.44.0.Final\drools-tms-8.44.0.Final.jar;C:\Users\User\.m2\repository\org\drools\drools-compiler\8.44.0.Final\drools-compiler-8.44.0.Final.jar;C:\Users\User\.m2\repository\org\drools\drools-drl-parser\8.44.0.Final\drools-drl-parser-8.44.0.Final.jar;C:\Users\User\.m2\repository\org\drools\drools-drl-extensions\8.44.0.Final\drools-drl-extensions-8.44.0.Final.jar;C:\Users\User\.m2\repository\org\drools\drools-drl-ast\8.44.0.Final\drools-drl-ast-8.44.0.Final.jar;C:\Users\User\.m2\repository\org\kie\kie-memory-compiler\8.44.0.Final\kie-memory-compiler-8.44.0.Final.jar;C:\Users\User\.m2\repository\org\drools\drools-ecj\8.44.0.Final\drools-ecj-8.44.0.Final.jar;C:\Users\User\.m2\repository\org\eclipse\jdt\ecj\3.33.0\ecj-3.33.0.jar;C:\Users\User\.m2\repository\org\kie\kie-util-maven-support\8.44.0.Final\kie-util-maven-support-8.44.0.Final.jar;C:\Users\User\.m2\repository\org\antlr\antlr-runtime\3.5.2\antlr-runtime-3.5.2.jar;C:\Users\User\.m2\repository\org\drools\drools-model-compiler\8.44.0.Final\drools-model-compiler-8.44.0.Final.jar;C:\Users\User\.m2\repository\org\drools\drools-canonical-model\8.44.0.Final\drools-canonical-model-8.44.0.Final.jar;C:\Users\User\.m2\repository\org\drools\drools-model-codegen\8.44.0.Final\drools-model-codegen-8.44.0.Final.jar;C:\Users\User\.m2\repository\org\drools\drools-util\8.44.0.Final\drools-util-8.44.0.Final.jar;C:\Users\User\.m2\repository\org\drools\drools-codegen-common\8.44.0.Final\drools-codegen-common-8.44.0.Final.jar;C:\Users\User\.m2\repository\com\github\javaparser\javaparser-core\3.24.2\javaparser-core-3.24.2.jar;C:\Users\User\.m2\repository\org\drools\drools-mvel-parser\8.44.0.Final\drools-mvel-parser-8.44.0.Final.jar;C:\Users\User\.m2\repository\org\drools\drools-mvel-compiler\8.44.0.Final\drools-mvel-compiler-8.44.0.Final.jar;C:\Users\User\.m2\repository\org\drools\drools-commands\8.44.0.Final\drools-commands-8.44.0.Final.jar;C:\Users\User\.m2\repository\org\drools\drools-alphanetwork-compiler\8.44.0.Final\drools-alphanetwork-compiler-8.44.0.Final.jar;C:\Users\User\.m2\repository\org\optaplanner\optaplanner-constraint-drl\9.44.0.Final\optaplanner-constraint-drl-9.44.0.Final.jar;C:\Users\User\.m2\repository\org\optaplanner\optaplanner-constraint-streams-bavet\9.44.0.Final\optaplanner-constraint-streams-bavet-9.44.0.Final.jar;C:\Users\User\.m2\repository\org\slf4j\slf4j-simple\1.7.36\slf4j-simple-1.7.36.jar;C:\Users\User\.m2\repository\org\slf4j\slf4j-api\1.7.36\slf4j-api-1.7.36.jar;C:\Users\User\.m2\repository\org\junit\jupiter\junit-jupiter\5.10.0\junit-jupiter-5.10.0.jar;C:\Users\User\.m2\repository\org\junit\jupiter\junit-jupiter-api\5.10.0\junit-jupiter-api-5.10.0.jar;C:\Users\User\.m2\repository\org\opentest4j\opentest4j\1.3.0\opentest4j-1.3.0.jar;C:\Users\User\.m2\repository\org\junit\platform\junit-platform-commons\1.10.0\junit-platform-commons-1.10.0.jar;C:\Users\User\.m2\repository\org\apiguardian\apiguardian-api\1.1.2\apiguardian-api-1.1.2.jar;C:\Users\User\.m2\repository\org\junit\jupiter\junit-jupiter-params\5.10.0\junit-jupiter-params-5.10.0.jar;C:\Users\User\.m2\repository\org\junit\jupiter\junit-jupiter-engine\5.10.0\junit-jupiter-engine-5.10.0.jar;C:\Users\User\.m2\repository\org\junit\platform\junit-platform-engine\1.10.0\junit-platform-engine-1.10.0.jar;C:\Users\User\.m2\repository\com\squareup\okhttp3\okhttp\4.11.0\okhttp-4.11.0.jar;C:\Users\User\.m2\repository\com\squareup\okio\okio\3.2.0\okio-3.2.0.jar;C:\Users\User\.m2\repository\com\squareup\okio\okio-jvm\3.2.0\okio-jvm-3.2.0.jar;C:\Users\User\.m2\repository\org\jetbrains\kotlin\kotlin-stdlib\1.6.20\kotlin-stdlib-1.6.20.jar;C:\Users\User\.m2\repository\org\jetbrains\kotlin\kotlin-stdlib-common\1.6.20\kotlin-stdlib-common-1.6.20.jar;C:\Users\User\.m2\repository\org\jetbrains\annotations\13.0\annotations-13.0.jar;C:\Users\User\.m2\repository\org\jetbrains\kotlin\kotlin-stdlib-jdk8\1.6.20\kotlin-stdlib-jdk8-1.6.20.jar;C:\Users\User\.m2\repository\org\jetbrains\kotlin\kotlin-stdlib-jdk7\1.6.20\kotlin-stdlib-jdk7-1.6.20.jar;C:\Users\User\.m2\repository\com\fasterxml\jackson\core\jackson-databind\2.15.2\jackson-databind-2.15.2.jar;C:\Users\User\.m2\repository\com\fasterxml\jackson\core\jackson-annotations\2.15.2\jackson-annotations-2.15.2.jar;C:\Users\User\.m2\repository\com\fasterxml\jackson\core\jackson-core\2.15.2\jackson-core-2.15.2.jar;C:\Users\User\.m2\repository\org\json\json\20210307\json-20210307.jar;C:\Users\User\.m2\repository\com\google\code\gson\gson\2.10.1\gson-2.10.1.jar;C:\Users\User\.m2\repository\org\openjfx\javafx-controls\21.0.5\javafx-controls-21.0.5.jar;C:\Users\User\.m2\repository\org\openjfx\javafx-controls\21.0.5\javafx-controls-21.0.5-win.jar;C:\Users\User\.m2\repository\org\openjfx\javafx-graphics\21.0.5\javafx-graphics-21.0.5.jar;C:\Users\User\.m2\repository\org\openjfx\javafx-graphics\21.0.5\javafx-graphics-21.0.5-win.jar;C:\Users\User\.m2\repository\org\openjfx\javafx-base\21.0.5\javafx-base-21.0.5.jar;C:\Users\User\.m2\repository\org\openjfx\javafx-base\21.0.5\javafx-base-21.0.5-win.jar;C:\Users\User\.m2\repository\org\openjfx\javafx-web\21.0.5\javafx-web-21.0.5.jar;C:\Users\User\.m2\repository\org\openjfx\javafx-web\21.0.5\javafx-web-21.0.5-win.jar;C:\Users\User\.m2\repository\org\openjfx\javafx-media\21.0.5\javafx-media-21.0.5.jar;C:\Users\User\.m2\repository\org\openjfx\javafx-media\21.0.5\javafx-media-21.0.5-win.jar;C:\Users\User\.m2\repository\org\mockito\mockito-core\5.6.0\mockito-core-5.6.0.jar;C:\Users\User\.m2\repository\net\bytebuddy\byte-buddy\1.14.8\byte-buddy-1.14.8.jar;C:\Users\User\.m2\repository\net\bytebuddy\byte-buddy-agent\1.14.8\byte-buddy-agent-1.14.8.jar;C:\Users\User\.m2\repository\org\objenesis\objenesis\3.3\objenesis-3.3.jar;"/>
    <property name="java.vm.vendor" value="Oracle Corporation"/>
    <property name="sun.arch.data.model" value="64"/>
    <property name="user.variant" value=""/>
    <property name="java.vendor.url" value="https://java.oracle.com/"/>
    <property name="user.timezone" value="Europe/Athens"/>
    <property name="user.country.format" value="GR"/>
    <property name="os.name" value="Windows 11"/>
    <property name="java.vm.specification.version" value="21"/>
    <property name="sun.java.launcher" value="SUN_STANDARD"/>
    <property name="user.country" value="US"/>
    <property name="sun.boot.library.path" value="C:\Program Files\Java\jdk-21\bin"/>
    <property name="sun.java.command" value="C:\Users\User\AppData\Local\Temp\surefire18075336198028193931\surefirebooter-20250117094910919_3.jar C:\Users\User\AppData\Local\Temp\surefire18075336198028193931 2025-01-17T09-49-10_489-jvmRun1 surefire-20250117094910919_1tmp surefire_0-20250117094910919_2tmp"/>
    <property name="jdk.debug" value="release"/>
    <property name="surefire.test.class.path" value="C:\Users\User\Desktop\Reference Material\All About University\Java Exercises Programming II\Java Files\GitHubTest\Final2\AthensEase\target\test-classes;C:\Users\User\Desktop\Reference Material\All About University\Java Exercises Programming II\Java Files\GitHubTest\Final2\AthensEase\target\classes;C:\Users\User\.m2\repository\org\optaplanner\optaplanner-core\9.44.0.Final\optaplanner-core-9.44.0.Final.jar;C:\Users\User\.m2\repository\org\optaplanner\optaplanner-core-impl\9.44.0.Final\optaplanner-core-impl-9.44.0.Final.jar;C:\Users\User\.m2\repository\org\apache\commons\commons-math3\3.6.1\commons-math3-3.6.1.jar;C:\Users\User\.m2\repository\io\micrometer\micrometer-core\1.10.5\micrometer-core-1.10.5.jar;C:\Users\User\.m2\repository\io\micrometer\micrometer-commons\1.10.5\micrometer-commons-1.10.5.jar;C:\Users\User\.m2\repository\io\micrometer\micrometer-observation\1.10.5\micrometer-observation-1.10.5.jar;C:\Users\User\.m2\repository\org\hdrhistogram\HdrHistogram\2.1.12\HdrHistogram-2.1.12.jar;C:\Users\User\.m2\repository\org\latencyutils\LatencyUtils\2.0.3\LatencyUtils-2.0.3.jar;C:\Users\User\.m2\repository\jakarta\xml\bind\jakarta.xml.bind-api\4.0.0\jakarta.xml.bind-api-4.0.0.jar;C:\Users\User\.m2\repository\jakarta\activation\jakarta.activation-api\2.1.0\jakarta.activation-api-2.1.0.jar;C:\Users\User\.m2\repository\org\glassfish\jaxb\jaxb-runtime\4.0.2\jaxb-runtime-4.0.2.jar;C:\Users\User\.m2\repository\org\glassfish\jaxb\jaxb-core\4.0.2\jaxb-core-4.0.2.jar;C:\Users\User\.m2\repository\org\eclipse\angus\angus-activation\2.0.0\angus-activation-2.0.0.jar;C:\Users\User\.m2\repository\org\glassfish\jaxb\txw2\4.0.2\txw2-4.0.2.jar;C:\Users\User\.m2\repository\com\sun\istack\istack-commons-runtime\4.1.1\istack-commons-runtime-4.1.1.jar;C:\Users\User\.m2\repository\org\optaplanner\optaplanner-constraint-streams-drools\9.44.0.Final\optaplanner-constraint-streams-drools-9.44.0.Final.jar;C:\Users\User\.m2\repository\org\optaplanner\optaplanner-constraint-streams-common\9.44.0.Final\optaplanner-constraint-streams-common-9.44.0.Final.jar;C:\Users\User\.m2\repository\org\drools\drools-engine\8.44.0.Final\drools-engine-8.44.0.Final.jar;C:\Users\User\.m2\repository\org\kie\kie-api\8.44.0.Final\kie-api-8.44.0.Final.jar;C:\Users\User\.m2\repository\org\kie\kie-internal\8.44.0.Final\kie-internal-8.44.0.Final.jar;C:\Users\User\.m2\repository\org\drools\drools-core\8.44.0.Final\drools-core-8.44.0.Final.jar;C:\Users\User\.m2\repository\org\kie\kie-util-xml\8.44.0.Final\kie-util-xml-8.44.0.Final.jar;C:\Users\User\.m2\repository\org\drools\drools-wiring-api\8.44.0.Final\drools-wiring-api-8.44.0.Final.jar;C:\Users\User\.m2\repository\org\drools\drools-base\8.44.0.Final\drools-base-8.44.0.Final.jar;C:\Users\User\.m2\repository\org\drools\drools-wiring-static\8.44.0.Final\drools-wiring-static-8.44.0.Final.jar;C:\Users\User\.m2\repository\org\drools\drools-io\8.44.0.Final\drools-io-8.44.0.Final.jar;C:\Users\User\.m2\repository\commons-codec\commons-codec\1.15\commons-codec-1.15.jar;C:\Users\User\.m2\repository\org\drools\drools-wiring-dynamic\8.44.0.Final\drools-wiring-dynamic-8.44.0.Final.jar;C:\Users\User\.m2\repository\org\drools\drools-kiesession\8.44.0.Final\drools-kiesession-8.44.0.Final.jar;C:\Users\User\.m2\repository\org\drools\drools-tms\8.44.0.Final\drools-tms-8.44.0.Final.jar;C:\Users\User\.m2\repository\org\drools\drools-compiler\8.44.0.Final\drools-compiler-8.44.0.Final.jar;C:\Users\User\.m2\repository\org\drools\drools-drl-parser\8.44.0.Final\drools-drl-parser-8.44.0.Final.jar;C:\Users\User\.m2\repository\org\drools\drools-drl-extensions\8.44.0.Final\drools-drl-extensions-8.44.0.Final.jar;C:\Users\User\.m2\repository\org\drools\drools-drl-ast\8.44.0.Final\drools-drl-ast-8.44.0.Final.jar;C:\Users\User\.m2\repository\org\kie\kie-memory-compiler\8.44.0.Final\kie-memory-compiler-8.44.0.Final.jar;C:\Users\User\.m2\repository\org\drools\drools-ecj\8.44.0.Final\drools-ecj-8.44.0.Final.jar;C:\Users\User\.m2\repository\org\eclipse\jdt\ecj\3.33.0\ecj-3.33.0.jar;C:\Users\User\.m2\repository\org\kie\kie-util-maven-support\8.44.0.Final\kie-util-maven-support-8.44.0.Final.jar;C:\Users\User\.m2\repository\org\antlr\antlr-runtime\3.5.2\antlr-runtime-3.5.2.jar;C:\Users\User\.m2\repository\org\drools\drools-model-compiler\8.44.0.Final\drools-model-compiler-8.44.0.Final.jar;C:\Users\User\.m2\repository\org\drools\drools-canonical-model\8.44.0.Final\drools-canonical-model-8.44.0.Final.jar;C:\Users\User\.m2\repository\org\drools\drools-model-codegen\8.44.0.Final\drools-model-codegen-8.44.0.Final.jar;C:\Users\User\.m2\repository\org\drools\drools-util\8.44.0.Final\drools-util-8.44.0.Final.jar;C:\Users\User\.m2\repository\org\drools\drools-codegen-common\8.44.0.Final\drools-codegen-common-8.44.0.Final.jar;C:\Users\User\.m2\repository\com\github\javaparser\javaparser-core\3.24.2\javaparser-core-3.24.2.jar;C:\Users\User\.m2\repository\org\drools\drools-mvel-parser\8.44.0.Final\drools-mvel-parser-8.44.0.Final.jar;C:\Users\User\.m2\repository\org\drools\drools-mvel-compiler\8.44.0.Final\drools-mvel-compiler-8.44.0.Final.jar;C:\Users\User\.m2\repository\org\drools\drools-commands\8.44.0.Final\drools-commands-8.44.0.Final.jar;C:\Users\User\.m2\repository\org\drools\drools-alphanetwork-compiler\8.44.0.Final\drools-alphanetwork-compiler-8.44.0.Final.jar;C:\Users\User\.m2\repository\org\optaplanner\optaplanner-constraint-drl\9.44.0.Final\optaplanner-constraint-drl-9.44.0.Final.jar;C:\Users\User\.m2\repository\org\optaplanner\optaplanner-constraint-streams-bavet\9.44.0.Final\optaplanner-constraint-streams-bavet-9.44.0.Final.jar;C:\Users\User\.m2\repository\org\slf4j\slf4j-simple\1.7.36\slf4j-simple-1.7.36.jar;C:\Users\User\.m2\repository\org\slf4j\slf4j-api\1.7.36\slf4j-api-1.7.36.jar;C:\Users\User\.m2\repository\org\junit\jupiter\junit-jupiter\5.10.0\junit-jupiter-5.10.0.jar;C:\Users\User\.m2\repository\org\junit\jupiter\junit-jupiter-api\5.10.0\junit-jupiter-api-5.10.0.jar;C:\Users\User\.m2\repository\org\opentest4j\opentest4j\1.3.0\opentest4j-1.3.0.jar;C:\Users\User\.m2\repository\org\junit\platform\junit-platform-commons\1.10.0\junit-platform-commons-1.10.0.jar;C:\Users\User\.m2\repository\org\apiguardian\apiguardian-api\1.1.2\apiguardian-api-1.1.2.jar;C:\Users\User\.m2\repository\org\junit\jupiter\junit-jupiter-params\5.10.0\junit-jupiter-params-5.10.0.jar;C:\Users\User\.m2\repository\org\junit\jupiter\junit-jupiter-engine\5.10.0\junit-jupiter-engine-5.10.0.jar;C:\Users\User\.m2\repository\org\junit\platform\junit-platform-engine\1.10.0\junit-platform-engine-1.10.0.jar;C:\Users\User\.m2\repository\com\squareup\okhttp3\okhttp\4.11.0\okhttp-4.11.0.jar;C:\Users\User\.m2\repository\com\squareup\okio\okio\3.2.0\okio-3.2.0.jar;C:\Users\User\.m2\repository\com\squareup\okio\okio-jvm\3.2.0\okio-jvm-3.2.0.jar;C:\Users\User\.m2\repository\org\jetbrains\kotlin\kotlin-stdlib\1.6.20\kotlin-stdlib-1.6.20.jar;C:\Users\User\.m2\repository\org\jetbrains\kotlin\kotlin-stdlib-common\1.6.20\kotlin-stdlib-common-1.6.20.jar;C:\Users\User\.m2\repository\org\jetbrains\annotations\13.0\annotations-13.0.jar;C:\Users\User\.m2\repository\org\jetbrains\kotlin\kotlin-stdlib-jdk8\1.6.20\kotlin-stdlib-jdk8-1.6.20.jar;C:\Users\User\.m2\repository\org\jetbrains\kotlin\kotlin-stdlib-jdk7\1.6.20\kotlin-stdlib-jdk7-1.6.20.jar;C:\Users\User\.m2\repository\com\fasterxml\jackson\core\jackson-databind\2.15.2\jackson-databind-2.15.2.jar;C:\Users\User\.m2\repository\com\fasterxml\jackson\core\jackson-annotations\2.15.2\jackson-annotations-2.15.2.jar;C:\Users\User\.m2\repository\com\fasterxml\jackson\core\jackson-core\2.15.2\jackson-core-2.15.2.jar;C:\Users\User\.m2\repository\org\json\json\20210307\json-20210307.jar;C:\Users\User\.m2\repository\com\google\code\gson\gson\2.10.1\gson-2.10.1.jar;C:\Users\User\.m2\repository\org\openjfx\javafx-controls\21.0.5\javafx-controls-21.0.5.jar;C:\Users\User\.m2\repository\org\openjfx\javafx-controls\21.0.5\javafx-controls-21.0.5-win.jar;C:\Users\User\.m2\repository\org\openjfx\javafx-graphics\21.0.5\javafx-graphics-21.0.5.jar;C:\Users\User\.m2\repository\org\openjfx\javafx-graphics\21.0.5\javafx-graphics-21.0.5-win.jar;C:\Users\User\.m2\repository\org\openjfx\javafx-base\21.0.5\javafx-base-21.0.5.jar;C:\Users\User\.m2\repository\org\openjfx\javafx-base\21.0.5\javafx-base-21.0.5-win.jar;C:\Users\User\.m2\repository\org\openjfx\javafx-web\21.0.5\javafx-web-21.0.5.jar;C:\Users\User\.m2\repository\org\openjfx\javafx-web\21.0.5\javafx-web-21.0.5-win.jar;C:\Users\User\.m2\repository\org\openjfx\javafx-media\21.0.5\javafx-media-21.0.5.jar;C:\Users\User\.m2\repository\org\openjfx\javafx-media\21.0.5\javafx-media-21.0.5-win.jar;C:\Users\User\.m2\repository\org\mockito\mockito-core\5.6.0\mockito-core-5.6.0.jar;C:\Users\User\.m2\repository\net\bytebuddy\byte-buddy\1.14.8\byte-buddy-1.14.8.jar;C:\Users\User\.m2\repository\net\bytebuddy\byte-buddy-agent\1.14.8\byte-buddy-agent-1.14.8.jar;C:\Users\User\.m2\repository\org\objenesis\objenesis\3.3\objenesis-3.3.jar;"/>
    <property name="sun.cpu.endian" value="little"/>
    <property name="user.home" value="C:\Users\User"/>
    <property name="user.language" value="en"/>
    <property name="java.specification.vendor" value="Oracle Corporation"/>
    <property name="java.version.date" value="2024-10-15"/>
    <property name="java.home" value="C:\Program Files\Java\jdk-21"/>
    <property name="file.separator" value="\"/>
    <property name="basedir" value="C:\Users\User\Desktop\Reference Material\All About University\Java Exercises Programming II\Java Files\GitHubTest\Final2\AthensEase"/>
    <property name="java.vm.compressedOopsMode" value="Zero based"/>
    <property name="line.separator" value="&#10;"/>
    <property name="java.vm.specification.vendor" value="Oracle Corporation"/>
    <property name="java.specification.name" value="Java Platform API Specification"/>
    <property name="surefire.real.class.path" value="C:\Users\User\AppData\Local\Temp\surefire18075336198028193931\surefirebooter-20250117094910919_3.jar"/>
    <property name="user.script" value=""/>
    <property name="sun.management.compiler" value="HotSpot 64-Bit Tiered Compilers"/>
    <property name="java.runtime.version" value="21.0.5+9-LTS-239"/>
    <property name="user.name" value="User"/>
    <property name="stdout.encoding" value="Cp1253"/>
    <property name="path.separator" value=";"/>
    <property name="os.version" value="10.0"/>
    <property name="java.runtime.name" value="Java(TM) SE Runtime Environment"/>
    <property name="file.encoding" value="UTF-8"/>
    <property name="java.vm.name" value="Java HotSpot(TM) 64-Bit Server VM"/>
    <property name="localRepository" value="C:\Users\User\.m2\repository"/>
    <property name="java.vendor.url.bug" value="https://bugreport.java.com/bugreport/"/>
    <property name="java.io.tmpdir" value="C:\Users\User\AppData\Local\Temp\"/>
    <property name="java.version" value="21.0.5"/>
    <property name="user.dir" value="C:\Users\User\Desktop\Reference Material\All About University\Java Exercises Programming II\Java Files\GitHubTest\Final2\AthensEase"/>
    <property name="os.arch" value="amd64"/>
    <property name="java.vm.specification.name" value="Java Virtual Machine Specification"/>
    <property name="user.language.format" value="el"/>
    <property name="sun.os.patch.level" value=""/>
    <property name="native.encoding" value="Cp1253"/>
    <property name="java.library.path" value="C:\Program Files\Java\jdk-21\bin;C:\WINDOWS\Sun\Java\bin;C:\WINDOWS\system32;C:\WINDOWS;C:\Program Files\Common Files\Oracle\Java\javapath;&quot;C:\Program Files\Common Files\Oracle\Java\javapath;C:\Users\User\AppData\Roaming\Microsoft\Windows\Start Menu\Programs\Python 3.12&quot;;C:\Program Files\Eclipse Adoptium\jre-8.0.352.8-hotspot\bin;C:\Program Files\Eclipse Adoptium\jre-17.0.5.8-hotspot\bin;C:\Program Files\Eclipse Adoptium\jre-11.0.17.8-hotspot\bin;C:\Program Files (x86)\Eclipse Adoptium\jre-8.0.352.8-hotspot\bin;C:\WINDOWS\system32;C:\WINDOWS;C:\WINDOWS\System32\Wbem;C:\WINDOWS\System32\WindowsPowerShell\v1.0\;C:\WINDOWS\System32\OpenSSH\;C:\Program Files (x86)\dotnet\;C:\Program Files\dotnet\;C:\Program Files\Git\cmd;C:\Program Files\Lingo\;C:\Users\User\Downloads\apache-maven-3.9.9-bin\apache-maven-3.9.9\bin;C:\Program Files\MySQL\MySQL Server 9.1\bin;C:\Users\User\AppData\Local\Programs\Python\Launcher\;C:\Users\User\AppData\Local\Microsoft\WindowsApps;C:\Users\User\AppData\Local\Programs\Microsoft VS Code\bin;C:\Users\User\Downloads\jdk-21_windows-x64_bin\jdk-21.0.2\bin;C:\Program Files\Java\jdk-21\bin;;c:\Users\User\AppData\Roaming\Code\User\globalStorage\github.copilot-chat\debugCommand;."/>
    <property name="java.vm.info" value="mixed mode, sharing"/>
    <property name="stderr.encoding" value="Cp1253"/>
    <property name="java.vendor" value="Oracle Corporation"/>
    <property name="java.vm.version" value="21.0.5+9-LTS-239"/>
    <property name="sun.io.unicode.encoding" value="UnicodeLittle"/>
    <property name="java.class.version" value="65.0"/>
  </properties>
  <testcase name="testFindHotelStopPointsWithMultipleDays" classname="com.athensease.optimization.TrailHeadInclusionTest" time="0.01"/>
  <testcase name="testFindHotelStopPointsWithTwoStopPoints" classname="com.athensease.optimization.TrailHeadInclusionTest" time="0.003"/>
  <testcase name="testFindHotelStopPointsWithSingleDayTrip" classname="com.athensease.optimization.TrailHeadInclusionTest" time="0"/>
</testsuite>